This is XeTeX, Version 3.14159265-2.6-0.999991 (TeX Live 2019/W32TeX) (preloaded format=xelatex 2020.1.15)  10 FEB 2025 16:10
entering extended mode
 restricted \write18 enabled.
 %&-line parsing enabled.
**25-02-10.tex
(./25-02-10.tex
LaTeX2e <2019-10-01> patch level 3

! LaTeX Error: File `scrartcl.cls' not found.

Type X to quit or <RETURN> to proceed,
or enter new name. (Default extension: cls)

Enter file name: 
! Emergency stop.
<read *> 
         
l.10 ^^M
         
Here is how much of TeX's memory you used:
 13 strings out of 494458
 160 string characters out of 6172052
 58050 words of memory out of 5000000
 4473 multiletter control sequences out of 15000+600000
 3640 words of font info for 14 fonts, out of 8000000 for 9000
 14 hyphenation exceptions out of 8191
 14i,0n,8p,89b,10s stack positions out of 5000i,500n,10000p,200000b,80000s

No pages of output.
